2020-04-30 06:26:01,856 "E:/pycharm/judicial_doc_measurement/utils/SubjectiveIndex/main.py：main:subjective_measure1:204" [INFO]- subject{'copy_detect_index', 'sentiment_index', 'text_style_classification', 'law_articles_rational'}!!!!!!!!!!!!!!
2020-04-30 06:26:06,314 "E:/pycharm/judicial_doc_measurement/utils/SubjectiveIndex/main.py：main:subjective_measure1:204" [INFO]- subject{'copy_detect_index', 'sentiment_index', 'text_style_classification', 'law_articles_rational'}!!!!!!!!!!!!!!
2020-04-30 06:26:09,591 "E:/pycharm/judicial_doc_measurement/utils/SubjectiveIndex/main.py：main:subjective_measure1:204" [INFO]- subject{'copy_detect_index', 'sentiment_index', 'text_style_classification', 'law_articles_rational'}!!!!!!!!!!!!!!
2020-04-30 06:26:17,612 "E:/pycharm/judicial_doc_measurement/utils/SubjectiveIndex/main.py：main:subjective_measure1:204" [INFO]- subject{'copy_detect_index', 'sentiment_index', 'text_style_classification', 'law_articles_rational'}!!!!!!!!!!!!!!
2020-04-30 06:26:22,305 "E:/pycharm/judicial_doc_measurement/utils/SubjectiveIndex/main.py：main:subjective_measure1:204" [INFO]- subject{'copy_detect_index', 'sentiment_index', 'text_style_classification', 'law_articles_rational'}!!!!!!!!!!!!!!
2020-04-30 06:26:26,365 "E:/pycharm/judicial_doc_measurement/utils/SubjectiveIndex/main.py：main:subjective_measure1:204" [INFO]- subject{'copy_detect_index', 'sentiment_index', 'text_style_classification', 'law_articles_rational'}!!!!!!!!!!!!!!
2020-04-30 06:26:30,117 "E:/pycharm/judicial_doc_measurement/utils/SubjectiveIndex/main.py：main:subjective_measure1:204" [INFO]- subject{'copy_detect_index', 'sentiment_index', 'text_style_classification', 'law_articles_rational'}!!!!!!!!!!!!!!
2020-04-30 06:26:33,071 "E:/pycharm/judicial_doc_measurement/utils/SubjectiveIndex/main.py：main:subjective_measure1:204" [INFO]- subject{'copy_detect_index', 'sentiment_index', 'text_style_classification', 'law_articles_rational'}!!!!!!!!!!!!!!
2020-04-30 06:26:36,060 "E:/pycharm/judicial_doc_measurement/utils/SubjectiveIndex/main.py：main:subjective_measure1:204" [INFO]- subject{'copy_detect_index', 'sentiment_index', 'text_style_classification', 'law_articles_rational'}!!!!!!!!!!!!!!
2020-04-30 06:26:39,103 "E:/pycharm/judicial_doc_measurement/utils/SubjectiveIndex/main.py：main:subjective_measure1:204" [INFO]- subject{'copy_detect_index', 'sentiment_index', 'text_style_classification', 'law_articles_rational'}!!!!!!!!!!!!!!
2020-04-30 06:26:42,825 "E:/pycharm/judicial_doc_measurement/utils/SubjectiveIndex/main.py：main:subjective_measure1:204" [INFO]- subject{'copy_detect_index', 'sentiment_index', 'text_style_classification', 'law_articles_rational'}!!!!!!!!!!!!!!
2020-04-30 06:26:46,620 "E:/pycharm/judicial_doc_measurement/utils/SubjectiveIndex/main.py：main:subjective_measure1:204" [INFO]- subject{'copy_detect_index', 'sentiment_index', 'text_style_classification', 'law_articles_rational'}!!!!!!!!!!!!!!
2020-04-30 06:26:50,561 "E:/pycharm/judicial_doc_measurement/utils/SubjectiveIndex/main.py：main:subjective_measure1:204" [INFO]- subject{'copy_detect_index', 'sentiment_index', 'text_style_classification', 'law_articles_rational'}!!!!!!!!!!!!!!
2020-04-30 06:26:54,394 "E:/pycharm/judicial_doc_measurement/utils/SubjectiveIndex/main.py：main:subjective_measure1:204" [INFO]- subject{'copy_detect_index', 'sentiment_index', 'text_style_classification', 'law_articles_rational'}!!!!!!!!!!!!!!
2020-04-30 06:26:58,537 "E:/pycharm/judicial_doc_measurement/utils/SubjectiveIndex/main.py：main:subjective_measure1:204" [INFO]- subject{'copy_detect_index', 'sentiment_index', 'text_style_classification', 'law_articles_rational'}!!!!!!!!!!!!!!
2020-04-30 06:31:20,258 "E:/pycharm/judicial_doc_measurement/utils/SubjectiveIndex/main.py：main:subjective_measure1:204" [INFO]- subject{'copy_detect_index', 'sentiment_index', 'text_style_classification', 'law_articles_rational'}!!!!!!!!!!!!!!
2020-04-30 06:31:24,483 "E:/pycharm/judicial_doc_measurement/utils/SubjectiveIndex/main.py：main:subjective_measure1:204" [INFO]- subject{'copy_detect_index', 'sentiment_index', 'text_style_classification', 'law_articles_rational'}!!!!!!!!!!!!!!
2020-04-30 06:31:27,359 "E:/pycharm/judicial_doc_measurement/utils/SubjectiveIndex/main.py：main:subjective_measure1:204" [INFO]- subject{'copy_detect_index', 'sentiment_index', 'text_style_classification', 'law_articles_rational'}!!!!!!!!!!!!!!
2020-04-30 06:31:31,874 "E:/pycharm/judicial_doc_measurement/utils/SubjectiveIndex/main.py：main:subjective_measure1:204" [INFO]- subject{'copy_detect_index', 'sentiment_index', 'text_style_classification', 'law_articles_rational'}!!!!!!!!!!!!!!
2020-04-30 06:31:35,609 "E:/pycharm/judicial_doc_measurement/utils/SubjectiveIndex/main.py：main:subjective_measure1:204" [INFO]- subject{'copy_detect_index', 'sentiment_index', 'text_style_classification', 'law_articles_rational'}!!!!!!!!!!!!!!
2020-04-30 06:31:39,108 "E:/pycharm/judicial_doc_measurement/utils/SubjectiveIndex/main.py：main:subjective_measure1:204" [INFO]- subject{'copy_detect_index', 'sentiment_index', 'text_style_classification', 'law_articles_rational'}!!!!!!!!!!!!!!
2020-04-30 06:31:42,627 "E:/pycharm/judicial_doc_measurement/utils/SubjectiveIndex/main.py：main:subjective_measure1:204" [INFO]- subject{'copy_detect_index', 'sentiment_index', 'text_style_classification', 'law_articles_rational'}!!!!!!!!!!!!!!
2020-04-30 06:31:45,573 "E:/pycharm/judicial_doc_measurement/utils/SubjectiveIndex/main.py：main:subjective_measure1:204" [INFO]- subject{'copy_detect_index', 'sentiment_index', 'text_style_classification', 'law_articles_rational'}!!!!!!!!!!!!!!
2020-04-30 06:31:50,463 "E:/pycharm/judicial_doc_measurement/utils/SubjectiveIndex/main.py：main:subjective_measure1:204" [INFO]- subject{'copy_detect_index', 'sentiment_index', 'text_style_classification', 'law_articles_rational'}!!!!!!!!!!!!!!
2020-04-30 06:31:54,174 "E:/pycharm/judicial_doc_measurement/utils/SubjectiveIndex/main.py：main:subjective_measure1:204" [INFO]- subject{'copy_detect_index', 'sentiment_index', 'text_style_classification', 'law_articles_rational'}!!!!!!!!!!!!!!
2020-04-30 06:31:58,121 "E:/pycharm/judicial_doc_measurement/utils/SubjectiveIndex/main.py：main:subjective_measure1:204" [INFO]- subject{'copy_detect_index', 'sentiment_index', 'text_style_classification', 'law_articles_rational'}!!!!!!!!!!!!!!
2020-04-30 06:32:01,427 "E:/pycharm/judicial_doc_measurement/utils/SubjectiveIndex/main.py：main:subjective_measure1:204" [INFO]- subject{'copy_detect_index', 'sentiment_index', 'text_style_classification', 'law_articles_rational'}!!!!!!!!!!!!!!
2020-04-30 06:32:04,848 "E:/pycharm/judicial_doc_measurement/utils/SubjectiveIndex/main.py：main:subjective_measure1:204" [INFO]- subject{'copy_detect_index', 'sentiment_index', 'text_style_classification', 'law_articles_rational'}!!!!!!!!!!!!!!
2020-04-30 06:32:07,834 "E:/pycharm/judicial_doc_measurement/utils/SubjectiveIndex/main.py：main:subjective_measure1:204" [INFO]- subject{'copy_detect_index', 'sentiment_index', 'text_style_classification', 'law_articles_rational'}!!!!!!!!!!!!!!
2020-04-30 06:32:10,612 "E:/pycharm/judicial_doc_measurement/utils/SubjectiveIndex/main.py：main:subjective_measure1:204" [INFO]- subject{'copy_detect_index', 'sentiment_index', 'text_style_classification', 'law_articles_rational'}!!!!!!!!!!!!!!
2020-04-30 06:32:13,532 "E:/pycharm/judicial_doc_measurement/utils/SubjectiveIndex/main.py：main:subjective_measure1:204" [INFO]- subject{'copy_detect_index', 'sentiment_index', 'text_style_classification', 'law_articles_rational'}!!!!!!!!!!!!!!
2020-04-30 06:32:17,639 "E:/pycharm/judicial_doc_measurement/utils/SubjectiveIndex/main.py：main:subjective_measure1:204" [INFO]- subject{'copy_detect_index', 'sentiment_index', 'text_style_classification', 'law_articles_rational'}!!!!!!!!!!!!!!
2020-04-30 06:32:21,638 "E:/pycharm/judicial_doc_measurement/utils/SubjectiveIndex/main.py：main:subjective_measure1:204" [INFO]- subject{'copy_detect_index', 'sentiment_index', 'text_style_classification', 'law_articles_rational'}!!!!!!!!!!!!!!
2020-04-30 06:32:25,464 "E:/pycharm/judicial_doc_measurement/utils/SubjectiveIndex/main.py：main:subjective_measure1:204" [INFO]- subject{'copy_detect_index', 'sentiment_index', 'text_style_classification', 'law_articles_rational'}!!!!!!!!!!!!!!
2020-04-30 06:32:28,135 "E:/pycharm/judicial_doc_measurement/utils/SubjectiveIndex/main.py：main:subjective_measure1:204" [INFO]- subject{'copy_detect_index', 'sentiment_index', 'text_style_classification', 'law_articles_rational'}!!!!!!!!!!!!!!
2020-04-30 06:32:31,914 "E:/pycharm/judicial_doc_measurement/utils/SubjectiveIndex/main.py：main:subjective_measure1:204" [INFO]- subject{'copy_detect_index', 'sentiment_index', 'text_style_classification', 'law_articles_rational'}!!!!!!!!!!!!!!
2020-04-30 06:32:34,698 "E:/pycharm/judicial_doc_measurement/utils/SubjectiveIndex/main.py：main:subjective_measure1:204" [INFO]- subject{'copy_detect_index', 'sentiment_index', 'text_style_classification', 'law_articles_rational'}!!!!!!!!!!!!!!
2020-04-30 06:32:37,630 "E:/pycharm/judicial_doc_measurement/utils/SubjectiveIndex/main.py：main:subjective_measure1:204" [INFO]- subject{'copy_detect_index', 'sentiment_index', 'text_style_classification', 'law_articles_rational'}!!!!!!!!!!!!!!
2020-04-30 06:32:40,450 "E:/pycharm/judicial_doc_measurement/utils/SubjectiveIndex/main.py：main:subjective_measure1:204" [INFO]- subject{'copy_detect_index', 'sentiment_index', 'text_style_classification', 'law_articles_rational'}!!!!!!!!!!!!!!
2020-04-30 06:32:43,339 "E:/pycharm/judicial_doc_measurement/utils/SubjectiveIndex/main.py：main:subjective_measure1:204" [INFO]- subject{'copy_detect_index', 'sentiment_index', 'text_style_classification', 'law_articles_rational'}!!!!!!!!!!!!!!
2020-04-30 06:32:46,887 "E:/pycharm/judicial_doc_measurement/utils/SubjectiveIndex/main.py：main:subjective_measure1:204" [INFO]- subject{'copy_detect_index', 'sentiment_index', 'text_style_classification', 'law_articles_rational'}!!!!!!!!!!!!!!
2020-04-30 06:32:51,428 "E:/pycharm/judicial_doc_measurement/utils/SubjectiveIndex/main.py：main:subjective_measure1:204" [INFO]- subject{'copy_detect_index', 'sentiment_index', 'text_style_classification', 'law_articles_rational'}!!!!!!!!!!!!!!
2020-04-30 06:32:55,099 "E:/pycharm/judicial_doc_measurement/utils/SubjectiveIndex/main.py：main:subjective_measure1:204" [INFO]- subject{'copy_detect_index', 'sentiment_index', 'text_style_classification', 'law_articles_rational'}!!!!!!!!!!!!!!
2020-04-30 06:32:59,473 "E:/pycharm/judicial_doc_measurement/utils/SubjectiveIndex/main.py：main:subjective_measure1:204" [INFO]- subject{'copy_detect_index', 'sentiment_index', 'text_style_classification', 'law_articles_rational'}!!!!!!!!!!!!!!
2020-04-30 06:33:03,743 "E:/pycharm/judicial_doc_measurement/utils/SubjectiveIndex/main.py：main:subjective_measure1:204" [INFO]- subject{'copy_detect_index', 'sentiment_index', 'text_style_classification', 'law_articles_rational'}!!!!!!!!!!!!!!
2020-04-30 06:33:07,274 "E:/pycharm/judicial_doc_measurement/utils/SubjectiveIndex/main.py：main:subjective_measure1:204" [INFO]- subject{'copy_detect_index', 'sentiment_index', 'text_style_classification', 'law_articles_rational'}!!!!!!!!!!!!!!
2020-04-30 06:33:12,661 "E:/pycharm/judicial_doc_measurement/utils/SubjectiveIndex/main.py：main:subjective_measure1:204" [INFO]- subject{'copy_detect_index', 'sentiment_index', 'text_style_classification', 'law_articles_rational'}!!!!!!!!!!!!!!
2020-04-30 06:33:15,228 "E:/pycharm/judicial_doc_measurement/utils/SubjectiveIndex/main.py：main:subjective_measure1:204" [INFO]- subject{'copy_detect_index', 'sentiment_index', 'text_style_classification', 'law_articles_rational'}!!!!!!!!!!!!!!
2020-04-30 06:33:19,204 "E:/pycharm/judicial_doc_measurement/utils/SubjectiveIndex/main.py：main:subjective_measure1:204" [INFO]- subject{'copy_detect_index', 'sentiment_index', 'text_style_classification', 'law_articles_rational'}!!!!!!!!!!!!!!
2020-04-30 06:33:23,646 "E:/pycharm/judicial_doc_measurement/utils/SubjectiveIndex/main.py：main:subjective_measure1:204" [INFO]- subject{'copy_detect_index', 'sentiment_index', 'text_style_classification', 'law_articles_rational'}!!!!!!!!!!!!!!
2020-04-30 06:33:28,627 "E:/pycharm/judicial_doc_measurement/utils/SubjectiveIndex/main.py：main:subjective_measure1:204" [INFO]- subject{'copy_detect_index', 'sentiment_index', 'text_style_classification', 'law_articles_rational'}!!!!!!!!!!!!!!
2020-04-30 06:33:32,219 "E:/pycharm/judicial_doc_measurement/utils/SubjectiveIndex/main.py：main:subjective_measure1:204" [INFO]- subject{'copy_detect_index', 'sentiment_index', 'text_style_classification', 'law_articles_rational'}!!!!!!!!!!!!!!
2020-04-30 06:33:36,045 "E:/pycharm/judicial_doc_measurement/utils/SubjectiveIndex/main.py：main:subjective_measure1:204" [INFO]- subject{'copy_detect_index', 'sentiment_index', 'text_style_classification', 'law_articles_rational'}!!!!!!!!!!!!!!
2020-04-30 06:33:40,398 "E:/pycharm/judicial_doc_measurement/utils/SubjectiveIndex/main.py：main:subjective_measure1:204" [INFO]- subject{'copy_detect_index', 'sentiment_index', 'text_style_classification', 'law_articles_rational'}!!!!!!!!!!!!!!
2020-04-30 06:33:43,980 "E:/pycharm/judicial_doc_measurement/utils/SubjectiveIndex/main.py：main:subjective_measure1:204" [INFO]- subject{'copy_detect_index', 'sentiment_index', 'text_style_classification', 'law_articles_rational'}!!!!!!!!!!!!!!
2020-04-30 06:33:48,030 "E:/pycharm/judicial_doc_measurement/utils/SubjectiveIndex/main.py：main:subjective_measure1:204" [INFO]- subject{'copy_detect_index', 'sentiment_index', 'text_style_classification', 'law_articles_rational'}!!!!!!!!!!!!!!
2020-04-30 06:33:51,805 "E:/pycharm/judicial_doc_measurement/utils/SubjectiveIndex/main.py：main:subjective_measure1:204" [INFO]- subject{'copy_detect_index', 'sentiment_index', 'text_style_classification', 'law_articles_rational'}!!!!!!!!!!!!!!
2020-04-30 06:33:54,895 "E:/pycharm/judicial_doc_measurement/utils/SubjectiveIndex/main.py：main:subjective_measure1:204" [INFO]- subject{'copy_detect_index', 'sentiment_index', 'text_style_classification', 'law_articles_rational'}!!!!!!!!!!!!!!
2020-04-30 06:33:59,565 "E:/pycharm/judicial_doc_measurement/utils/SubjectiveIndex/main.py：main:subjective_measure1:204" [INFO]- subject{'copy_detect_index', 'sentiment_index', 'text_style_classification', 'law_articles_rational'}!!!!!!!!!!!!!!
2020-04-30 06:34:03,818 "E:/pycharm/judicial_doc_measurement/utils/SubjectiveIndex/main.py：main:subjective_measure1:204" [INFO]- subject{'copy_detect_index', 'sentiment_index', 'text_style_classification', 'law_articles_rational'}!!!!!!!!!!!!!!
2020-04-30 06:34:08,076 "E:/pycharm/judicial_doc_measurement/utils/SubjectiveIndex/main.py：main:subjective_measure1:204" [INFO]- subject{'copy_detect_index', 'sentiment_index', 'text_style_classification', 'law_articles_rational'}!!!!!!!!!!!!!!
2020-04-30 06:34:12,378 "E:/pycharm/judicial_doc_measurement/utils/SubjectiveIndex/main.py：main:subjective_measure1:204" [INFO]- subject{'copy_detect_index', 'sentiment_index', 'text_style_classification', 'law_articles_rational'}!!!!!!!!!!!!!!
2020-04-30 06:34:14,764 "E:/pycharm/judicial_doc_measurement/utils/SubjectiveIndex/main.py：main:subjective_measure1:204" [INFO]- subject{'copy_detect_index', 'sentiment_index', 'text_style_classification', 'law_articles_rational'}!!!!!!!!!!!!!!
2020-04-30 06:34:18,835 "E:/pycharm/judicial_doc_measurement/utils/SubjectiveIndex/main.py：main:subjective_measure1:204" [INFO]- subject{'copy_detect_index', 'sentiment_index', 'text_style_classification', 'law_articles_rational'}!!!!!!!!!!!!!!
2020-04-30 06:34:23,200 "E:/pycharm/judicial_doc_measurement/utils/SubjectiveIndex/main.py：main:subjective_measure1:204" [INFO]- subject{'copy_detect_index', 'sentiment_index', 'text_style_classification', 'law_articles_rational'}!!!!!!!!!!!!!!
2020-04-30 06:34:27,282 "E:/pycharm/judicial_doc_measurement/utils/SubjectiveIndex/main.py：main:subjective_measure1:204" [INFO]- subject{'copy_detect_index', 'sentiment_index', 'text_style_classification', 'law_articles_rational'}!!!!!!!!!!!!!!
2020-04-30 06:34:32,215 "E:/pycharm/judicial_doc_measurement/utils/SubjectiveIndex/main.py：main:subjective_measure1:204" [INFO]- subject{'copy_detect_index', 'sentiment_index', 'text_style_classification', 'law_articles_rational'}!!!!!!!!!!!!!!
2020-04-30 06:34:38,511 "E:/pycharm/judicial_doc_measurement/utils/SubjectiveIndex/main.py：main:subjective_measure1:204" [INFO]- subject{'copy_detect_index', 'sentiment_index', 'text_style_classification', 'law_articles_rational'}!!!!!!!!!!!!!!
2020-04-30 06:34:43,345 "E:/pycharm/judicial_doc_measurement/utils/SubjectiveIndex/main.py：main:subjective_measure1:204" [INFO]- subject{'copy_detect_index', 'sentiment_index', 'text_style_classification', 'law_articles_rational'}!!!!!!!!!!!!!!
2020-04-30 06:34:46,712 "E:/pycharm/judicial_doc_measurement/utils/SubjectiveIndex/main.py：main:subjective_measure1:204" [INFO]- subject{'copy_detect_index', 'sentiment_index', 'text_style_classification', 'law_articles_rational'}!!!!!!!!!!!!!!
2020-04-30 06:34:49,617 "E:/pycharm/judicial_doc_measurement/utils/SubjectiveIndex/main.py：main:subjective_measure1:204" [INFO]- subject{'copy_detect_index', 'sentiment_index', 'text_style_classification', 'law_articles_rational'}!!!!!!!!!!!!!!
2020-04-30 06:34:55,736 "E:/pycharm/judicial_doc_measurement/utils/SubjectiveIndex/main.py：main:subjective_measure1:204" [INFO]- subject{'copy_detect_index', 'sentiment_index', 'text_style_classification', 'law_articles_rational'}!!!!!!!!!!!!!!
2020-04-30 06:34:59,774 "E:/pycharm/judicial_doc_measurement/utils/SubjectiveIndex/main.py：main:subjective_measure1:204" [INFO]- subject{'copy_detect_index', 'sentiment_index', 'text_style_classification', 'law_articles_rational'}!!!!!!!!!!!!!!
2020-04-30 06:35:03,820 "E:/pycharm/judicial_doc_measurement/utils/SubjectiveIndex/main.py：main:subjective_measure1:204" [INFO]- subject{'copy_detect_index', 'sentiment_index', 'text_style_classification', 'law_articles_rational'}!!!!!!!!!!!!!!
2020-04-30 06:35:08,331 "E:/pycharm/judicial_doc_measurement/utils/SubjectiveIndex/main.py：main:subjective_measure1:204" [INFO]- subject{'copy_detect_index', 'sentiment_index', 'text_style_classification', 'law_articles_rational'}!!!!!!!!!!!!!!
2020-04-30 06:35:11,307 "E:/pycharm/judicial_doc_measurement/utils/SubjectiveIndex/main.py：main:subjective_measure1:204" [INFO]- subject{'copy_detect_index', 'sentiment_index', 'text_style_classification', 'law_articles_rational'}!!!!!!!!!!!!!!
2020-04-30 06:35:14,382 "E:/pycharm/judicial_doc_measurement/utils/SubjectiveIndex/main.py：main:subjective_measure1:204" [INFO]- subject{'copy_detect_index', 'sentiment_index', 'text_style_classification', 'law_articles_rational'}!!!!!!!!!!!!!!
2020-04-30 06:35:19,826 "E:/pycharm/judicial_doc_measurement/utils/SubjectiveIndex/main.py：main:subjective_measure1:204" [INFO]- subject{'copy_detect_index', 'sentiment_index', 'text_style_classification', 'law_articles_rational'}!!!!!!!!!!!!!!
2020-04-30 06:35:24,548 "E:/pycharm/judicial_doc_measurement/utils/SubjectiveIndex/main.py：main:subjective_measure1:204" [INFO]- subject{'copy_detect_index', 'sentiment_index', 'text_style_classification', 'law_articles_rational'}!!!!!!!!!!!!!!
2020-04-30 06:35:28,779 "E:/pycharm/judicial_doc_measurement/utils/SubjectiveIndex/main.py：main:subjective_measure1:204" [INFO]- subject{'copy_detect_index', 'sentiment_index', 'text_style_classification', 'law_articles_rational'}!!!!!!!!!!!!!!
2020-04-30 06:35:31,279 "E:/pycharm/judicial_doc_measurement/utils/SubjectiveIndex/main.py：main:subjective_measure1:204" [INFO]- subject{'copy_detect_index', 'sentiment_index', 'text_style_classification', 'law_articles_rational'}!!!!!!!!!!!!!!
2020-04-30 06:35:35,145 "E:/pycharm/judicial_doc_measurement/utils/SubjectiveIndex/main.py：main:subjective_measure1:204" [INFO]- subject{'copy_detect_index', 'sentiment_index', 'text_style_classification', 'law_articles_rational'}!!!!!!!!!!!!!!
2020-04-30 06:35:40,654 "E:/pycharm/judicial_doc_measurement/utils/SubjectiveIndex/main.py：main:subjective_measure1:204" [INFO]- subject{'copy_detect_index', 'sentiment_index', 'text_style_classification', 'law_articles_rational'}!!!!!!!!!!!!!!
2020-04-30 06:35:44,528 "E:/pycharm/judicial_doc_measurement/utils/SubjectiveIndex/main.py：main:subjective_measure1:204" [INFO]- subject{'copy_detect_index', 'sentiment_index', 'text_style_classification', 'law_articles_rational'}!!!!!!!!!!!!!!
2020-04-30 06:35:49,292 "E:/pycharm/judicial_doc_measurement/utils/SubjectiveIndex/main.py：main:subjective_measure1:204" [INFO]- subject{'copy_detect_index', 'sentiment_index', 'text_style_classification', 'law_articles_rational'}!!!!!!!!!!!!!!
2020-04-30 06:35:53,516 "E:/pycharm/judicial_doc_measurement/utils/SubjectiveIndex/main.py：main:subjective_measure1:204" [INFO]- subject{'copy_detect_index', 'sentiment_index', 'text_style_classification', 'law_articles_rational'}!!!!!!!!!!!!!!
2020-04-30 06:35:56,274 "E:/pycharm/judicial_doc_measurement/utils/SubjectiveIndex/main.py：main:subjective_measure1:204" [INFO]- subject{'copy_detect_index', 'sentiment_index', 'text_style_classification', 'law_articles_rational'}!!!!!!!!!!!!!!
2020-04-30 06:36:00,777 "E:/pycharm/judicial_doc_measurement/utils/SubjectiveIndex/main.py：main:subjective_measure1:204" [INFO]- subject{'copy_detect_index', 'sentiment_index', 'text_style_classification', 'law_articles_rational'}!!!!!!!!!!!!!!
2020-04-30 06:36:04,310 "E:/pycharm/judicial_doc_measurement/utils/SubjectiveIndex/main.py：main:subjective_measure1:204" [INFO]- subject{'copy_detect_index', 'sentiment_index', 'text_style_classification', 'law_articles_rational'}!!!!!!!!!!!!!!
2020-04-30 06:36:07,891 "E:/pycharm/judicial_doc_measurement/utils/SubjectiveIndex/main.py：main:subjective_measure1:204" [INFO]- subject{'copy_detect_index', 'sentiment_index', 'text_style_classification', 'law_articles_rational'}!!!!!!!!!!!!!!
2020-04-30 06:36:10,937 "E:/pycharm/judicial_doc_measurement/utils/SubjectiveIndex/main.py：main:subjective_measure1:204" [INFO]- subject{'copy_detect_index', 'sentiment_index', 'text_style_classification', 'law_articles_rational'}!!!!!!!!!!!!!!
2020-04-30 06:36:15,801 "E:/pycharm/judicial_doc_measurement/utils/SubjectiveIndex/main.py：main:subjective_measure1:204" [INFO]- subject{'copy_detect_index', 'sentiment_index', 'text_style_classification', 'law_articles_rational'}!!!!!!!!!!!!!!
2020-04-30 06:36:19,135 "E:/pycharm/judicial_doc_measurement/utils/SubjectiveIndex/main.py：main:subjective_measure1:204" [INFO]- subject{'copy_detect_index', 'sentiment_index', 'text_style_classification', 'law_articles_rational'}!!!!!!!!!!!!!!
2020-04-30 06:36:22,222 "E:/pycharm/judicial_doc_measurement/utils/SubjectiveIndex/main.py：main:subjective_measure1:204" [INFO]- subject{'copy_detect_index', 'sentiment_index', 'text_style_classification', 'law_articles_rational'}!!!!!!!!!!!!!!
2020-04-30 06:36:26,507 "E:/pycharm/judicial_doc_measurement/utils/SubjectiveIndex/main.py：main:subjective_measure1:204" [INFO]- subject{'copy_detect_index', 'sentiment_index', 'text_style_classification', 'law_articles_rational'}!!!!!!!!!!!!!!
2020-04-30 06:36:30,256 "E:/pycharm/judicial_doc_measurement/utils/SubjectiveIndex/main.py：main:subjective_measure1:204" [INFO]- subject{'copy_detect_index', 'sentiment_index', 'text_style_classification', 'law_articles_rational'}!!!!!!!!!!!!!!
2020-04-30 06:36:34,637 "E:/pycharm/judicial_doc_measurement/utils/SubjectiveIndex/main.py：main:subjective_measure1:204" [INFO]- subject{'copy_detect_index', 'sentiment_index', 'text_style_classification', 'law_articles_rational'}!!!!!!!!!!!!!!
2020-04-30 06:36:38,406 "E:/pycharm/judicial_doc_measurement/utils/SubjectiveIndex/main.py：main:subjective_measure1:204" [INFO]- subject{'copy_detect_index', 'sentiment_index', 'text_style_classification', 'law_articles_rational'}!!!!!!!!!!!!!!
2020-04-30 06:36:41,854 "E:/pycharm/judicial_doc_measurement/utils/SubjectiveIndex/main.py：main:subjective_measure1:204" [INFO]- subject{'copy_detect_index', 'sentiment_index', 'text_style_classification', 'law_articles_rational'}!!!!!!!!!!!!!!
2020-04-30 06:36:46,226 "E:/pycharm/judicial_doc_measurement/utils/SubjectiveIndex/main.py：main:subjective_measure1:204" [INFO]- subject{'copy_detect_index', 'sentiment_index', 'text_style_classification', 'law_articles_rational'}!!!!!!!!!!!!!!
2020-04-30 07:12:31,975 "E:/pycharm/judicial_doc_measurement/utils/SubjectiveIndex/main.py：main:subjective_measure1:204" [INFO]- subject{'sentiment_index', 'law_articles_rational', 'text_style_classification', 'copy_detect_index'}!!!!!!!!!!!!!!
2020-04-30 07:12:35,384 "E:/pycharm/judicial_doc_measurement/utils/SubjectiveIndex/main.py：main:subjective_measure1:204" [INFO]- subject{'sentiment_index', 'law_articles_rational', 'text_style_classification', 'copy_detect_index'}!!!!!!!!!!!!!!
2020-04-30 07:12:38,047 "E:/pycharm/judicial_doc_measurement/utils/SubjectiveIndex/main.py：main:subjective_measure1:204" [INFO]- subject{'sentiment_index', 'law_articles_rational', 'text_style_classification', 'copy_detect_index'}!!!!!!!!!!!!!!
2020-04-30 07:12:44,788 "E:/pycharm/judicial_doc_measurement/utils/SubjectiveIndex/main.py：main:subjective_measure1:204" [INFO]- subject{'sentiment_index', 'law_articles_rational', 'text_style_classification', 'copy_detect_index'}!!!!!!!!!!!!!!
2020-04-30 07:12:49,200 "E:/pycharm/judicial_doc_measurement/utils/SubjectiveIndex/main.py：main:subjective_measure1:204" [INFO]- subject{'sentiment_index', 'law_articles_rational', 'text_style_classification', 'copy_detect_index'}!!!!!!!!!!!!!!
2020-04-30 07:12:53,259 "E:/pycharm/judicial_doc_measurement/utils/SubjectiveIndex/main.py：main:subjective_measure1:204" [INFO]- subject{'sentiment_index', 'law_articles_rational', 'text_style_classification', 'copy_detect_index'}!!!!!!!!!!!!!!
2020-04-30 07:12:57,360 "E:/pycharm/judicial_doc_measurement/utils/SubjectiveIndex/main.py：main:subjective_measure1:204" [INFO]- subject{'sentiment_index', 'law_articles_rational', 'text_style_classification', 'copy_detect_index'}!!!!!!!!!!!!!!
2020-04-30 07:13:00,312 "E:/pycharm/judicial_doc_measurement/utils/SubjectiveIndex/main.py：main:subjective_measure1:204" [INFO]- subject{'sentiment_index', 'law_articles_rational', 'text_style_classification', 'copy_detect_index'}!!!!!!!!!!!!!!
2020-04-30 07:13:03,202 "E:/pycharm/judicial_doc_measurement/utils/SubjectiveIndex/main.py：main:subjective_measure1:204" [INFO]- subject{'sentiment_index', 'law_articles_rational', 'text_style_classification', 'copy_detect_index'}!!!!!!!!!!!!!!
2020-04-30 07:13:09,014 "E:/pycharm/judicial_doc_measurement/utils/SubjectiveIndex/main.py：main:subjective_measure1:204" [INFO]- subject{'sentiment_index', 'text_style_classification', 'copy_detect_index', 'law_articles_rational'}!!!!!!!!!!!!!!
2020-04-30 07:13:12,848 "E:/pycharm/judicial_doc_measurement/utils/SubjectiveIndex/main.py：main:subjective_measure1:204" [INFO]- subject{'sentiment_index', 'text_style_classification', 'copy_detect_index', 'law_articles_rational'}!!!!!!!!!!!!!!
2020-04-30 07:13:15,847 "E:/pycharm/judicial_doc_measurement/utils/SubjectiveIndex/main.py：main:subjective_measure1:204" [INFO]- subject{'sentiment_index', 'text_style_classification', 'copy_detect_index', 'law_articles_rational'}!!!!!!!!!!!!!!
2020-04-30 07:13:23,657 "E:/pycharm/judicial_doc_measurement/utils/SubjectiveIndex/main.py：main:subjective_measure1:204" [INFO]- subject{'sentiment_index', 'text_style_classification', 'copy_detect_index', 'law_articles_rational'}!!!!!!!!!!!!!!
2020-04-30 07:13:28,153 "E:/pycharm/judicial_doc_measurement/utils/SubjectiveIndex/main.py：main:subjective_measure1:204" [INFO]- subject{'sentiment_index', 'text_style_classification', 'copy_detect_index', 'law_articles_rational'}!!!!!!!!!!!!!!
2020-04-30 07:13:32,273 "E:/pycharm/judicial_doc_measurement/utils/SubjectiveIndex/main.py：main:subjective_measure1:204" [INFO]- subject{'sentiment_index', 'text_style_classification', 'copy_detect_index', 'law_articles_rational'}!!!!!!!!!!!!!!
2020-04-30 07:13:36,055 "E:/pycharm/judicial_doc_measurement/utils/SubjectiveIndex/main.py：main:subjective_measure1:204" [INFO]- subject{'sentiment_index', 'text_style_classification', 'copy_detect_index', 'law_articles_rational'}!!!!!!!!!!!!!!
2020-04-30 07:13:39,016 "E:/pycharm/judicial_doc_measurement/utils/SubjectiveIndex/main.py：main:subjective_measure1:204" [INFO]- subject{'sentiment_index', 'text_style_classification', 'copy_detect_index', 'law_articles_rational'}!!!!!!!!!!!!!!
2020-04-30 07:13:41,929 "E:/pycharm/judicial_doc_measurement/utils/SubjectiveIndex/main.py：main:subjective_measure1:204" [INFO]- subject{'sentiment_index', 'text_style_classification', 'copy_detect_index', 'law_articles_rational'}!!!!!!!!!!!!!!
2020-04-30 07:13:45,587 "E:/pycharm/judicial_doc_measurement/utils/SubjectiveIndex/main.py：main:subjective_measure1:204" [INFO]- subject{'sentiment_index', 'text_style_classification', 'copy_detect_index', 'law_articles_rational'}!!!!!!!!!!!!!!
2020-04-30 07:25:27,900 "E:/pycharm/judicial_doc_measurement/utils/SubjectiveIndex/main.py：main:subjective_measure1:204" [INFO]- subject{'text_style_classification', 'law_articles_rational', 'sentiment_index', 'copy_detect_index'}!!!!!!!!!!!!!!
2020-04-30 07:25:31,393 "E:/pycharm/judicial_doc_measurement/utils/SubjectiveIndex/main.py：main:subjective_measure1:204" [INFO]- subject{'text_style_classification', 'law_articles_rational', 'sentiment_index', 'copy_detect_index'}!!!!!!!!!!!!!!
2020-04-30 07:25:34,615 "E:/pycharm/judicial_doc_measurement/utils/SubjectiveIndex/main.py：main:subjective_measure1:204" [INFO]- subject{'text_style_classification', 'law_articles_rational', 'sentiment_index', 'copy_detect_index'}!!!!!!!!!!!!!!
2020-04-30 07:25:42,864 "E:/pycharm/judicial_doc_measurement/utils/SubjectiveIndex/main.py：main:subjective_measure1:204" [INFO]- subject{'text_style_classification', 'law_articles_rational', 'sentiment_index', 'copy_detect_index'}!!!!!!!!!!!!!!
2020-04-30 07:25:47,369 "E:/pycharm/judicial_doc_measurement/utils/SubjectiveIndex/main.py：main:subjective_measure1:204" [INFO]- subject{'text_style_classification', 'law_articles_rational', 'sentiment_index', 'copy_detect_index'}!!!!!!!!!!!!!!
2020-04-30 07:25:51,286 "E:/pycharm/judicial_doc_measurement/utils/SubjectiveIndex/main.py：main:subjective_measure1:204" [INFO]- subject{'text_style_classification', 'law_articles_rational', 'sentiment_index', 'copy_detect_index'}!!!!!!!!!!!!!!
2020-04-30 07:25:54,957 "E:/pycharm/judicial_doc_measurement/utils/SubjectiveIndex/main.py：main:subjective_measure1:204" [INFO]- subject{'text_style_classification', 'law_articles_rational', 'sentiment_index', 'copy_detect_index'}!!!!!!!!!!!!!!
2020-04-30 07:25:57,886 "E:/pycharm/judicial_doc_measurement/utils/SubjectiveIndex/main.py：main:subjective_measure1:204" [INFO]- subject{'text_style_classification', 'law_articles_rational', 'sentiment_index', 'copy_detect_index'}!!!!!!!!!!!!!!
2020-04-30 07:26:00,845 "E:/pycharm/judicial_doc_measurement/utils/SubjectiveIndex/main.py：main:subjective_measure1:204" [INFO]- subject{'text_style_classification', 'law_articles_rational', 'sentiment_index', 'copy_detect_index'}!!!!!!!!!!!!!!
2020-04-30 07:26:03,855 "E:/pycharm/judicial_doc_measurement/utils/SubjectiveIndex/main.py：main:subjective_measure1:204" [INFO]- subject{'text_style_classification', 'law_articles_rational', 'sentiment_index', 'copy_detect_index'}!!!!!!!!!!!!!!
2020-04-30 07:26:07,533 "E:/pycharm/judicial_doc_measurement/utils/SubjectiveIndex/main.py：main:subjective_measure1:204" [INFO]- subject{'text_style_classification', 'law_articles_rational', 'sentiment_index', 'copy_detect_index'}!!!!!!!!!!!!!!
2020-04-30 07:26:11,196 "E:/pycharm/judicial_doc_measurement/utils/SubjectiveIndex/main.py：main:subjective_measure1:204" [INFO]- subject{'text_style_classification', 'law_articles_rational', 'sentiment_index', 'copy_detect_index'}!!!!!!!!!!!!!!
2020-04-30 07:26:14,981 "E:/pycharm/judicial_doc_measurement/utils/SubjectiveIndex/main.py：main:subjective_measure1:204" [INFO]- subject{'text_style_classification', 'law_articles_rational', 'sentiment_index', 'copy_detect_index'}!!!!!!!!!!!!!!
2020-04-30 07:26:18,817 "E:/pycharm/judicial_doc_measurement/utils/SubjectiveIndex/main.py：main:subjective_measure1:204" [INFO]- subject{'text_style_classification', 'law_articles_rational', 'sentiment_index', 'copy_detect_index'}!!!!!!!!!!!!!!
2020-04-30 07:26:22,755 "E:/pycharm/judicial_doc_measurement/utils/SubjectiveIndex/main.py：main:subjective_measure1:204" [INFO]- subject{'text_style_classification', 'law_articles_rational', 'sentiment_index', 'copy_detect_index'}!!!!!!!!!!!!!!
2020-04-30 07:30:30,120 "E:/pycharm/judicial_doc_measurement/utils/SubjectiveIndex/main.py：main:subjective_measure1:204" [INFO]- subject{'text_style_classification', 'law_articles_rational', 'sentiment_index', 'copy_detect_index'}!!!!!!!!!!!!!!
2020-04-30 07:30:34,629 "E:/pycharm/judicial_doc_measurement/utils/SubjectiveIndex/main.py：main:subjective_measure1:204" [INFO]- subject{'text_style_classification', 'law_articles_rational', 'sentiment_index', 'copy_detect_index'}!!!!!!!!!!!!!!
2020-04-30 07:30:37,960 "E:/pycharm/judicial_doc_measurement/utils/SubjectiveIndex/main.py：main:subjective_measure1:204" [INFO]- subject{'text_style_classification', 'law_articles_rational', 'sentiment_index', 'copy_detect_index'}!!!!!!!!!!!!!!
2020-04-30 07:30:42,705 "E:/pycharm/judicial_doc_measurement/utils/SubjectiveIndex/main.py：main:subjective_measure1:204" [INFO]- subject{'text_style_classification', 'law_articles_rational', 'sentiment_index', 'copy_detect_index'}!!!!!!!!!!!!!!
2020-04-30 07:30:46,541 "E:/pycharm/judicial_doc_measurement/utils/SubjectiveIndex/main.py：main:subjective_measure1:204" [INFO]- subject{'text_style_classification', 'law_articles_rational', 'sentiment_index', 'copy_detect_index'}!!!!!!!!!!!!!!
2020-04-30 07:30:50,294 "E:/pycharm/judicial_doc_measurement/utils/SubjectiveIndex/main.py：main:subjective_measure1:204" [INFO]- subject{'text_style_classification', 'law_articles_rational', 'sentiment_index', 'copy_detect_index'}!!!!!!!!!!!!!!
2020-04-30 07:30:54,036 "E:/pycharm/judicial_doc_measurement/utils/SubjectiveIndex/main.py：main:subjective_measure1:204" [INFO]- subject{'text_style_classification', 'law_articles_rational', 'sentiment_index', 'copy_detect_index'}!!!!!!!!!!!!!!
2020-04-30 07:30:57,068 "E:/pycharm/judicial_doc_measurement/utils/SubjectiveIndex/main.py：main:subjective_measure1:204" [INFO]- subject{'text_style_classification', 'law_articles_rational', 'sentiment_index', 'copy_detect_index'}!!!!!!!!!!!!!!
2020-04-30 07:31:02,220 "E:/pycharm/judicial_doc_measurement/utils/SubjectiveIndex/main.py：main:subjective_measure1:204" [INFO]- subject{'text_style_classification', 'law_articles_rational', 'sentiment_index', 'copy_detect_index'}!!!!!!!!!!!!!!
2020-04-30 07:31:05,831 "E:/pycharm/judicial_doc_measurement/utils/SubjectiveIndex/main.py：main:subjective_measure1:204" [INFO]- subject{'text_style_classification', 'law_articles_rational', 'sentiment_index', 'copy_detect_index'}!!!!!!!!!!!!!!
2020-04-30 07:31:09,844 "E:/pycharm/judicial_doc_measurement/utils/SubjectiveIndex/main.py：main:subjective_measure1:204" [INFO]- subject{'text_style_classification', 'law_articles_rational', 'sentiment_index', 'copy_detect_index'}!!!!!!!!!!!!!!
2020-04-30 07:31:13,202 "E:/pycharm/judicial_doc_measurement/utils/SubjectiveIndex/main.py：main:subjective_measure1:204" [INFO]- subject{'text_style_classification', 'law_articles_rational', 'sentiment_index', 'copy_detect_index'}!!!!!!!!!!!!!!
2020-04-30 07:31:16,528 "E:/pycharm/judicial_doc_measurement/utils/SubjectiveIndex/main.py：main:subjective_measure1:204" [INFO]- subject{'text_style_classification', 'law_articles_rational', 'sentiment_index', 'copy_detect_index'}!!!!!!!!!!!!!!
2020-04-30 07:31:19,519 "E:/pycharm/judicial_doc_measurement/utils/SubjectiveIndex/main.py：main:subjective_measure1:204" [INFO]- subject{'text_style_classification', 'law_articles_rational', 'sentiment_index', 'copy_detect_index'}!!!!!!!!!!!!!!
2020-04-30 07:31:22,251 "E:/pycharm/judicial_doc_measurement/utils/SubjectiveIndex/main.py：main:subjective_measure1:204" [INFO]- subject{'text_style_classification', 'law_articles_rational', 'sentiment_index', 'copy_detect_index'}!!!!!!!!!!!!!!
2020-04-30 07:31:25,458 "E:/pycharm/judicial_doc_measurement/utils/SubjectiveIndex/main.py：main:subjective_measure1:204" [INFO]- subject{'text_style_classification', 'law_articles_rational', 'sentiment_index', 'copy_detect_index'}!!!!!!!!!!!!!!
2020-04-30 07:31:29,210 "E:/pycharm/judicial_doc_measurement/utils/SubjectiveIndex/main.py：main:subjective_measure1:204" [INFO]- subject{'text_style_classification', 'law_articles_rational', 'sentiment_index', 'copy_detect_index'}!!!!!!!!!!!!!!
2020-04-30 07:31:32,978 "E:/pycharm/judicial_doc_measurement/utils/SubjectiveIndex/main.py：main:subjective_measure1:204" [INFO]- subject{'text_style_classification', 'law_articles_rational', 'sentiment_index', 'copy_detect_index'}!!!!!!!!!!!!!!
2020-04-30 07:31:37,397 "E:/pycharm/judicial_doc_measurement/utils/SubjectiveIndex/main.py：main:subjective_measure1:204" [INFO]- subject{'text_style_classification', 'law_articles_rational', 'sentiment_index', 'copy_detect_index'}!!!!!!!!!!!!!!
2020-04-30 07:31:39,966 "E:/pycharm/judicial_doc_measurement/utils/SubjectiveIndex/main.py：main:subjective_measure1:204" [INFO]- subject{'text_style_classification', 'law_articles_rational', 'sentiment_index', 'copy_detect_index'}!!!!!!!!!!!!!!
2020-04-30 07:31:43,709 "E:/pycharm/judicial_doc_measurement/utils/SubjectiveIndex/main.py：main:subjective_measure1:204" [INFO]- subject{'text_style_classification', 'law_articles_rational', 'sentiment_index', 'copy_detect_index'}!!!!!!!!!!!!!!
2020-04-30 07:31:46,847 "E:/pycharm/judicial_doc_measurement/utils/SubjectiveIndex/main.py：main:subjective_measure1:204" [INFO]- subject{'text_style_classification', 'law_articles_rational', 'sentiment_index', 'copy_detect_index'}!!!!!!!!!!!!!!
2020-04-30 07:31:49,787 "E:/pycharm/judicial_doc_measurement/utils/SubjectiveIndex/main.py：main:subjective_measure1:204" [INFO]- subject{'text_style_classification', 'law_articles_rational', 'sentiment_index', 'copy_detect_index'}!!!!!!!!!!!!!!
2020-04-30 07:31:52,607 "E:/pycharm/judicial_doc_measurement/utils/SubjectiveIndex/main.py：main:subjective_measure1:204" [INFO]- subject{'text_style_classification', 'law_articles_rational', 'sentiment_index', 'copy_detect_index'}!!!!!!!!!!!!!!
2020-04-30 07:31:55,465 "E:/pycharm/judicial_doc_measurement/utils/SubjectiveIndex/main.py：main:subjective_measure1:204" [INFO]- subject{'text_style_classification', 'law_articles_rational', 'sentiment_index', 'copy_detect_index'}!!!!!!!!!!!!!!
2020-04-30 07:31:59,499 "E:/pycharm/judicial_doc_measurement/utils/SubjectiveIndex/main.py：main:subjective_measure1:204" [INFO]- subject{'text_style_classification', 'law_articles_rational', 'sentiment_index', 'copy_detect_index'}!!!!!!!!!!!!!!
2020-04-30 07:32:03,400 "E:/pycharm/judicial_doc_measurement/utils/SubjectiveIndex/main.py：main:subjective_measure1:204" [INFO]- subject{'text_style_classification', 'law_articles_rational', 'sentiment_index', 'copy_detect_index'}!!!!!!!!!!!!!!
2020-04-30 07:32:06,187 "E:/pycharm/judicial_doc_measurement/utils/SubjectiveIndex/main.py：main:subjective_measure1:204" [INFO]- subject{'text_style_classification', 'law_articles_rational', 'sentiment_index', 'copy_detect_index'}!!!!!!!!!!!!!!
2020-04-30 07:32:10,062 "E:/pycharm/judicial_doc_measurement/utils/SubjectiveIndex/main.py：main:subjective_measure1:204" [INFO]- subject{'text_style_classification', 'law_articles_rational', 'sentiment_index', 'copy_detect_index'}!!!!!!!!!!!!!!
2020-04-30 07:32:13,510 "E:/pycharm/judicial_doc_measurement/utils/SubjectiveIndex/main.py：main:subjective_measure1:204" [INFO]- subject{'text_style_classification', 'law_articles_rational', 'sentiment_index', 'copy_detect_index'}!!!!!!!!!!!!!!
2020-04-30 07:32:16,265 "E:/pycharm/judicial_doc_measurement/utils/SubjectiveIndex/main.py：main:subjective_measure1:204" [INFO]- subject{'text_style_classification', 'law_articles_rational', 'sentiment_index', 'copy_detect_index'}!!!!!!!!!!!!!!
2020-04-30 07:32:20,094 "E:/pycharm/judicial_doc_measurement/utils/SubjectiveIndex/main.py：main:subjective_measure1:204" [INFO]- subject{'text_style_classification', 'law_articles_rational', 'sentiment_index', 'copy_detect_index'}!!!!!!!!!!!!!!
2020-04-30 07:32:22,514 "E:/pycharm/judicial_doc_measurement/utils/SubjectiveIndex/main.py：main:subjective_measure1:204" [INFO]- subject{'text_style_classification', 'law_articles_rational', 'sentiment_index', 'copy_detect_index'}!!!!!!!!!!!!!!
2020-04-30 07:32:26,271 "E:/pycharm/judicial_doc_measurement/utils/SubjectiveIndex/main.py：main:subjective_measure1:204" [INFO]- subject{'text_style_classification', 'law_articles_rational', 'sentiment_index', 'copy_detect_index'}!!!!!!!!!!!!!!
2020-04-30 07:32:30,633 "E:/pycharm/judicial_doc_measurement/utils/SubjectiveIndex/main.py：main:subjective_measure1:204" [INFO]- subject{'text_style_classification', 'law_articles_rational', 'sentiment_index', 'copy_detect_index'}!!!!!!!!!!!!!!
2020-04-30 07:32:34,429 "E:/pycharm/judicial_doc_measurement/utils/SubjectiveIndex/main.py：main:subjective_measure1:204" [INFO]- subject{'text_style_classification', 'law_articles_rational', 'sentiment_index', 'copy_detect_index'}!!!!!!!!!!!!!!
2020-04-30 07:32:38,011 "E:/pycharm/judicial_doc_measurement/utils/SubjectiveIndex/main.py：main:subjective_measure1:204" [INFO]- subject{'text_style_classification', 'law_articles_rational', 'sentiment_index', 'copy_detect_index'}!!!!!!!!!!!!!!
2020-04-30 07:32:41,865 "E:/pycharm/judicial_doc_measurement/utils/SubjectiveIndex/main.py：main:subjective_measure1:204" [INFO]- subject{'text_style_classification', 'law_articles_rational', 'sentiment_index', 'copy_detect_index'}!!!!!!!!!!!!!!
2020-04-30 07:32:46,415 "E:/pycharm/judicial_doc_measurement/utils/SubjectiveIndex/main.py：main:subjective_measure1:204" [INFO]- subject{'text_style_classification', 'law_articles_rational', 'sentiment_index', 'copy_detect_index'}!!!!!!!!!!!!!!
2020-04-30 07:32:49,772 "E:/pycharm/judicial_doc_measurement/utils/SubjectiveIndex/main.py：main:subjective_measure1:204" [INFO]- subject{'text_style_classification', 'law_articles_rational', 'sentiment_index', 'copy_detect_index'}!!!!!!!!!!!!!!
2020-04-30 07:32:52,787 "E:/pycharm/judicial_doc_measurement/utils/SubjectiveIndex/main.py：main:subjective_measure1:204" [INFO]- subject{'text_style_classification', 'law_articles_rational', 'sentiment_index', 'copy_detect_index'}!!!!!!!!!!!!!!
2020-04-30 07:32:55,697 "E:/pycharm/judicial_doc_measurement/utils/SubjectiveIndex/main.py：main:subjective_measure1:204" [INFO]- subject{'text_style_classification', 'law_articles_rational', 'sentiment_index', 'copy_detect_index'}!!!!!!!!!!!!!!
2020-04-30 07:32:58,881 "E:/pycharm/judicial_doc_measurement/utils/SubjectiveIndex/main.py：main:subjective_measure1:204" [INFO]- subject{'text_style_classification', 'law_articles_rational', 'sentiment_index', 'copy_detect_index'}!!!!!!!!!!!!!!
2020-04-30 07:33:03,434 "E:/pycharm/judicial_doc_measurement/utils/SubjectiveIndex/main.py：main:subjective_measure1:204" [INFO]- subject{'text_style_classification', 'law_articles_rational', 'sentiment_index', 'copy_detect_index'}!!!!!!!!!!!!!!
2020-04-30 07:33:07,295 "E:/pycharm/judicial_doc_measurement/utils/SubjectiveIndex/main.py：main:subjective_measure1:204" [INFO]- subject{'text_style_classification', 'law_articles_rational', 'sentiment_index', 'copy_detect_index'}!!!!!!!!!!!!!!
2020-04-30 07:33:11,118 "E:/pycharm/judicial_doc_measurement/utils/SubjectiveIndex/main.py：main:subjective_measure1:204" [INFO]- subject{'text_style_classification', 'law_articles_rational', 'sentiment_index', 'copy_detect_index'}!!!!!!!!!!!!!!
2020-04-30 07:33:14,605 "E:/pycharm/judicial_doc_measurement/utils/SubjectiveIndex/main.py：main:subjective_measure1:204" [INFO]- subject{'text_style_classification', 'law_articles_rational', 'sentiment_index', 'copy_detect_index'}!!!!!!!!!!!!!!
2020-04-30 07:33:16,685 "E:/pycharm/judicial_doc_measurement/utils/SubjectiveIndex/main.py：main:subjective_measure1:204" [INFO]- subject{'text_style_classification', 'law_articles_rational', 'sentiment_index', 'copy_detect_index'}!!!!!!!!!!!!!!
2020-04-30 07:33:20,194 "E:/pycharm/judicial_doc_measurement/utils/SubjectiveIndex/main.py：main:subjective_measure1:204" [INFO]- subject{'text_style_classification', 'law_articles_rational', 'sentiment_index', 'copy_detect_index'}!!!!!!!!!!!!!!
2020-04-30 07:33:24,785 "E:/pycharm/judicial_doc_measurement/utils/SubjectiveIndex/main.py：main:subjective_measure1:204" [INFO]- subject{'text_style_classification', 'law_articles_rational', 'sentiment_index', 'copy_detect_index'}!!!!!!!!!!!!!!
2020-04-30 07:33:28,421 "E:/pycharm/judicial_doc_measurement/utils/SubjectiveIndex/main.py：main:subjective_measure1:204" [INFO]- subject{'text_style_classification', 'law_articles_rational', 'sentiment_index', 'copy_detect_index'}!!!!!!!!!!!!!!
2020-04-30 07:33:32,895 "E:/pycharm/judicial_doc_measurement/utils/SubjectiveIndex/main.py：main:subjective_measure1:204" [INFO]- subject{'text_style_classification', 'law_articles_rational', 'sentiment_index', 'copy_detect_index'}!!!!!!!!!!!!!!
2020-04-30 07:33:39,417 "E:/pycharm/judicial_doc_measurement/utils/SubjectiveIndex/main.py：main:subjective_measure1:204" [INFO]- subject{'text_style_classification', 'law_articles_rational', 'sentiment_index', 'copy_detect_index'}!!!!!!!!!!!!!!
2020-04-30 07:33:43,525 "E:/pycharm/judicial_doc_measurement/utils/SubjectiveIndex/main.py：main:subjective_measure1:204" [INFO]- subject{'text_style_classification', 'law_articles_rational', 'sentiment_index', 'copy_detect_index'}!!!!!!!!!!!!!!
2020-04-30 07:33:46,550 "E:/pycharm/judicial_doc_measurement/utils/SubjectiveIndex/main.py：main:subjective_measure1:204" [INFO]- subject{'text_style_classification', 'law_articles_rational', 'sentiment_index', 'copy_detect_index'}!!!!!!!!!!!!!!
2020-04-30 07:33:49,440 "E:/pycharm/judicial_doc_measurement/utils/SubjectiveIndex/main.py：main:subjective_measure1:204" [INFO]- subject{'text_style_classification', 'law_articles_rational', 'sentiment_index', 'copy_detect_index'}!!!!!!!!!!!!!!
2020-04-30 07:33:54,247 "E:/pycharm/judicial_doc_measurement/utils/SubjectiveIndex/main.py：main:subjective_measure1:204" [INFO]- subject{'text_style_classification', 'law_articles_rational', 'sentiment_index', 'copy_detect_index'}!!!!!!!!!!!!!!
2020-04-30 07:33:58,155 "E:/pycharm/judicial_doc_measurement/utils/SubjectiveIndex/main.py：main:subjective_measure1:204" [INFO]- subject{'text_style_classification', 'law_articles_rational', 'sentiment_index', 'copy_detect_index'}!!!!!!!!!!!!!!
2020-04-30 07:34:01,779 "E:/pycharm/judicial_doc_measurement/utils/SubjectiveIndex/main.py：main:subjective_measure1:204" [INFO]- subject{'text_style_classification', 'law_articles_rational', 'sentiment_index', 'copy_detect_index'}!!!!!!!!!!!!!!
2020-04-30 07:34:06,351 "E:/pycharm/judicial_doc_measurement/utils/SubjectiveIndex/main.py：main:subjective_measure1:204" [INFO]- subject{'text_style_classification', 'law_articles_rational', 'sentiment_index', 'copy_detect_index'}!!!!!!!!!!!!!!
2020-04-30 07:34:09,159 "E:/pycharm/judicial_doc_measurement/utils/SubjectiveIndex/main.py：main:subjective_measure1:204" [INFO]- subject{'text_style_classification', 'law_articles_rational', 'sentiment_index', 'copy_detect_index'}!!!!!!!!!!!!!!
2020-04-30 07:34:11,953 "E:/pycharm/judicial_doc_measurement/utils/SubjectiveIndex/main.py：main:subjective_measure1:204" [INFO]- subject{'text_style_classification', 'law_articles_rational', 'sentiment_index', 'copy_detect_index'}!!!!!!!!!!!!!!
2020-04-30 07:34:16,427 "E:/pycharm/judicial_doc_measurement/utils/SubjectiveIndex/main.py：main:subjective_measure1:204" [INFO]- subject{'text_style_classification', 'law_articles_rational', 'sentiment_index', 'copy_detect_index'}!!!!!!!!!!!!!!
2020-04-30 07:34:20,311 "E:/pycharm/judicial_doc_measurement/utils/SubjectiveIndex/main.py：main:subjective_measure1:204" [INFO]- subject{'text_style_classification', 'law_articles_rational', 'sentiment_index', 'copy_detect_index'}!!!!!!!!!!!!!!
2020-04-30 07:34:23,769 "E:/pycharm/judicial_doc_measurement/utils/SubjectiveIndex/main.py：main:subjective_measure1:204" [INFO]- subject{'text_style_classification', 'law_articles_rational', 'sentiment_index', 'copy_detect_index'}!!!!!!!!!!!!!!
2020-04-30 07:34:25,783 "E:/pycharm/judicial_doc_measurement/utils/SubjectiveIndex/main.py：main:subjective_measure1:204" [INFO]- subject{'text_style_classification', 'law_articles_rational', 'sentiment_index', 'copy_detect_index'}!!!!!!!!!!!!!!
2020-04-30 07:34:29,163 "E:/pycharm/judicial_doc_measurement/utils/SubjectiveIndex/main.py：main:subjective_measure1:204" [INFO]- subject{'text_style_classification', 'law_articles_rational', 'sentiment_index', 'copy_detect_index'}!!!!!!!!!!!!!!
2020-04-30 07:34:33,805 "E:/pycharm/judicial_doc_measurement/utils/SubjectiveIndex/main.py：main:subjective_measure1:204" [INFO]- subject{'text_style_classification', 'law_articles_rational', 'sentiment_index', 'copy_detect_index'}!!!!!!!!!!!!!!
2020-04-30 07:34:37,340 "E:/pycharm/judicial_doc_measurement/utils/SubjectiveIndex/main.py：main:subjective_measure1:204" [INFO]- subject{'text_style_classification', 'law_articles_rational', 'sentiment_index', 'copy_detect_index'}!!!!!!!!!!!!!!
2020-04-30 07:34:41,508 "E:/pycharm/judicial_doc_measurement/utils/SubjectiveIndex/main.py：main:subjective_measure1:204" [INFO]- subject{'text_style_classification', 'law_articles_rational', 'sentiment_index', 'copy_detect_index'}!!!!!!!!!!!!!!
2020-04-30 07:34:44,952 "E:/pycharm/judicial_doc_measurement/utils/SubjectiveIndex/main.py：main:subjective_measure1:204" [INFO]- subject{'text_style_classification', 'law_articles_rational', 'sentiment_index', 'copy_detect_index'}!!!!!!!!!!!!!!
2020-04-30 07:34:47,106 "E:/pycharm/judicial_doc_measurement/utils/SubjectiveIndex/main.py：main:subjective_measure1:204" [INFO]- subject{'text_style_classification', 'law_articles_rational', 'sentiment_index', 'copy_detect_index'}!!!!!!!!!!!!!!
2020-04-30 07:34:50,881 "E:/pycharm/judicial_doc_measurement/utils/SubjectiveIndex/main.py：main:subjective_measure1:204" [INFO]- subject{'text_style_classification', 'law_articles_rational', 'sentiment_index', 'copy_detect_index'}!!!!!!!!!!!!!!
2020-04-30 07:34:53,781 "E:/pycharm/judicial_doc_measurement/utils/SubjectiveIndex/main.py：main:subjective_measure1:204" [INFO]- subject{'text_style_classification', 'law_articles_rational', 'sentiment_index', 'copy_detect_index'}!!!!!!!!!!!!!!
2020-04-30 07:34:56,496 "E:/pycharm/judicial_doc_measurement/utils/SubjectiveIndex/main.py：main:subjective_measure1:204" [INFO]- subject{'text_style_classification', 'law_articles_rational', 'sentiment_index', 'copy_detect_index'}!!!!!!!!!!!!!!
2020-04-30 07:34:59,453 "E:/pycharm/judicial_doc_measurement/utils/SubjectiveIndex/main.py：main:subjective_measure1:204" [INFO]- subject{'text_style_classification', 'law_articles_rational', 'sentiment_index', 'copy_detect_index'}!!!!!!!!!!!!!!
2020-04-30 07:35:03,930 "E:/pycharm/judicial_doc_measurement/utils/SubjectiveIndex/main.py：main:subjective_measure1:204" [INFO]- subject{'text_style_classification', 'law_articles_rational', 'sentiment_index', 'copy_detect_index'}!!!!!!!!!!!!!!
2020-04-30 07:35:06,950 "E:/pycharm/judicial_doc_measurement/utils/SubjectiveIndex/main.py：main:subjective_measure1:204" [INFO]- subject{'text_style_classification', 'law_articles_rational', 'sentiment_index', 'copy_detect_index'}!!!!!!!!!!!!!!
2020-04-30 07:35:10,510 "E:/pycharm/judicial_doc_measurement/utils/SubjectiveIndex/main.py：main:subjective_measure1:204" [INFO]- subject{'text_style_classification', 'law_articles_rational', 'sentiment_index', 'copy_detect_index'}!!!!!!!!!!!!!!
2020-04-30 07:35:14,972 "E:/pycharm/judicial_doc_measurement/utils/SubjectiveIndex/main.py：main:subjective_measure1:204" [INFO]- subject{'text_style_classification', 'law_articles_rational', 'sentiment_index', 'copy_detect_index'}!!!!!!!!!!!!!!
2020-04-30 07:35:18,936 "E:/pycharm/judicial_doc_measurement/utils/SubjectiveIndex/main.py：main:subjective_measure1:204" [INFO]- subject{'text_style_classification', 'law_articles_rational', 'sentiment_index', 'copy_detect_index'}!!!!!!!!!!!!!!
2020-04-30 07:35:24,193 "E:/pycharm/judicial_doc_measurement/utils/SubjectiveIndex/main.py：main:subjective_measure1:204" [INFO]- subject{'text_style_classification', 'law_articles_rational', 'sentiment_index', 'copy_detect_index'}!!!!!!!!!!!!!!
2020-04-30 07:35:29,057 "E:/pycharm/judicial_doc_measurement/utils/SubjectiveIndex/main.py：main:subjective_measure1:204" [INFO]- subject{'text_style_classification', 'law_articles_rational', 'sentiment_index', 'copy_detect_index'}!!!!!!!!!!!!!!
2020-04-30 07:35:33,659 "E:/pycharm/judicial_doc_measurement/utils/SubjectiveIndex/main.py：main:subjective_measure1:204" [INFO]- subject{'text_style_classification', 'law_articles_rational', 'sentiment_index', 'copy_detect_index'}!!!!!!!!!!!!!!
2020-04-30 07:35:38,274 "E:/pycharm/judicial_doc_measurement/utils/SubjectiveIndex/main.py：main:subjective_measure1:204" [INFO]- subject{'text_style_classification', 'law_articles_rational', 'sentiment_index', 'copy_detect_index'}!!!!!!!!!!!!!!
2020-04-30 08:35:41,810 "E:/pycharm/judicial_doc_measurement/utils/SubjectiveIndex/main.py：main:subjective_measure1:204" [INFO]- subject{'sentiment_index', 'copy_detect_index', 'text_style_classification', 'law_articles_rational'}!!!!!!!!!!!!!!
2020-04-30 09:17:31,180 "E:/pycharm/judicial_doc_measurement/utils/SubjectiveIndex/main.py：main:subjective_measure1:204" [INFO]- subject{'copy_detect_index', 'sentiment_index', 'law_articles_rational', 'text_style_classification'}!!!!!!!!!!!!!!
2020-04-30 09:17:37,362 "E:/pycharm/judicial_doc_measurement/utils/SubjectiveIndex/main.py：main:subjective_measure1:204" [INFO]- subject{'copy_detect_index', 'sentiment_index', 'law_articles_rational', 'text_style_classification'}!!!!!!!!!!!!!!
2020-04-30 09:17:41,070 "E:/pycharm/judicial_doc_measurement/utils/SubjectiveIndex/main.py：main:subjective_measure1:204" [INFO]- subject{'copy_detect_index', 'sentiment_index', 'law_articles_rational', 'text_style_classification'}!!!!!!!!!!!!!!
2020-04-30 09:17:50,222 "E:/pycharm/judicial_doc_measurement/utils/SubjectiveIndex/main.py：main:subjective_measure1:204" [INFO]- subject{'copy_detect_index', 'sentiment_index', 'law_articles_rational', 'text_style_classification'}!!!!!!!!!!!!!!
2020-04-30 09:17:55,244 "E:/pycharm/judicial_doc_measurement/utils/SubjectiveIndex/main.py：main:subjective_measure1:204" [INFO]- subject{'copy_detect_index', 'sentiment_index', 'law_articles_rational', 'text_style_classification'}!!!!!!!!!!!!!!
2020-04-30 09:17:59,704 "E:/pycharm/judicial_doc_measurement/utils/SubjectiveIndex/main.py：main:subjective_measure1:204" [INFO]- subject{'copy_detect_index', 'sentiment_index', 'law_articles_rational', 'text_style_classification'}!!!!!!!!!!!!!!
2020-04-30 09:18:03,677 "E:/pycharm/judicial_doc_measurement/utils/SubjectiveIndex/main.py：main:subjective_measure1:204" [INFO]- subject{'copy_detect_index', 'sentiment_index', 'law_articles_rational', 'text_style_classification'}!!!!!!!!!!!!!!
2020-04-30 09:18:07,107 "E:/pycharm/judicial_doc_measurement/utils/SubjectiveIndex/main.py：main:subjective_measure1:204" [INFO]- subject{'copy_detect_index', 'sentiment_index', 'law_articles_rational', 'text_style_classification'}!!!!!!!!!!!!!!
2020-04-30 09:18:10,173 "E:/pycharm/judicial_doc_measurement/utils/SubjectiveIndex/main.py：main:subjective_measure1:204" [INFO]- subject{'copy_detect_index', 'sentiment_index', 'law_articles_rational', 'text_style_classification'}!!!!!!!!!!!!!!
2020-04-30 09:18:13,283 "E:/pycharm/judicial_doc_measurement/utils/SubjectiveIndex/main.py：main:subjective_measure1:204" [INFO]- subject{'copy_detect_index', 'sentiment_index', 'law_articles_rational', 'text_style_classification'}!!!!!!!!!!!!!!
2020-04-30 09:18:17,004 "E:/pycharm/judicial_doc_measurement/utils/SubjectiveIndex/main.py：main:subjective_measure1:204" [INFO]- subject{'copy_detect_index', 'sentiment_index', 'law_articles_rational', 'text_style_classification'}!!!!!!!!!!!!!!
2020-04-30 09:18:20,899 "E:/pycharm/judicial_doc_measurement/utils/SubjectiveIndex/main.py：main:subjective_measure1:204" [INFO]- subject{'copy_detect_index', 'sentiment_index', 'law_articles_rational', 'text_style_classification'}!!!!!!!!!!!!!!
2020-04-30 09:18:24,863 "E:/pycharm/judicial_doc_measurement/utils/SubjectiveIndex/main.py：main:subjective_measure1:204" [INFO]- subject{'copy_detect_index', 'sentiment_index', 'law_articles_rational', 'text_style_classification'}!!!!!!!!!!!!!!
2020-04-30 09:18:28,685 "E:/pycharm/judicial_doc_measurement/utils/SubjectiveIndex/main.py：main:subjective_measure1:204" [INFO]- subject{'copy_detect_index', 'sentiment_index', 'law_articles_rational', 'text_style_classification'}!!!!!!!!!!!!!!
2020-04-30 09:18:32,904 "E:/pycharm/judicial_doc_measurement/utils/SubjectiveIndex/main.py：main:subjective_measure1:204" [INFO]- subject{'copy_detect_index', 'sentiment_index', 'law_articles_rational', 'text_style_classification'}!!!!!!!!!!!!!!
2020-04-30 09:22:53,000 "E:/pycharm/judicial_doc_measurement/utils/SubjectiveIndex/main.py：main:subjective_measure1:204" [INFO]- subject{'copy_detect_index', 'sentiment_index', 'law_articles_rational', 'text_style_classification'}!!!!!!!!!!!!!!
2020-04-30 09:22:57,501 "E:/pycharm/judicial_doc_measurement/utils/SubjectiveIndex/main.py：main:subjective_measure1:204" [INFO]- subject{'copy_detect_index', 'sentiment_index', 'law_articles_rational', 'text_style_classification'}!!!!!!!!!!!!!!
2020-04-30 09:23:00,798 "E:/pycharm/judicial_doc_measurement/utils/SubjectiveIndex/main.py：main:subjective_measure1:204" [INFO]- subject{'copy_detect_index', 'sentiment_index', 'law_articles_rational', 'text_style_classification'}!!!!!!!!!!!!!!
2020-04-30 09:23:05,422 "E:/pycharm/judicial_doc_measurement/utils/SubjectiveIndex/main.py：main:subjective_measure1:204" [INFO]- subject{'copy_detect_index', 'sentiment_index', 'law_articles_rational', 'text_style_classification'}!!!!!!!!!!!!!!
2020-04-30 09:23:09,048 "E:/pycharm/judicial_doc_measurement/utils/SubjectiveIndex/main.py：main:subjective_measure1:204" [INFO]- subject{'copy_detect_index', 'sentiment_index', 'law_articles_rational', 'text_style_classification'}!!!!!!!!!!!!!!
2020-04-30 09:23:13,012 "E:/pycharm/judicial_doc_measurement/utils/SubjectiveIndex/main.py：main:subjective_measure1:204" [INFO]- subject{'copy_detect_index', 'sentiment_index', 'law_articles_rational', 'text_style_classification'}!!!!!!!!!!!!!!
2020-04-30 09:23:16,620 "E:/pycharm/judicial_doc_measurement/utils/SubjectiveIndex/main.py：main:subjective_measure1:204" [INFO]- subject{'copy_detect_index', 'sentiment_index', 'law_articles_rational', 'text_style_classification'}!!!!!!!!!!!!!!
2020-04-30 09:23:19,730 "E:/pycharm/judicial_doc_measurement/utils/SubjectiveIndex/main.py：main:subjective_measure1:204" [INFO]- subject{'copy_detect_index', 'sentiment_index', 'law_articles_rational', 'text_style_classification'}!!!!!!!!!!!!!!
2020-04-30 09:23:24,920 "E:/pycharm/judicial_doc_measurement/utils/SubjectiveIndex/main.py：main:subjective_measure1:204" [INFO]- subject{'copy_detect_index', 'sentiment_index', 'law_articles_rational', 'text_style_classification'}!!!!!!!!!!!!!!
2020-04-30 09:23:28,564 "E:/pycharm/judicial_doc_measurement/utils/SubjectiveIndex/main.py：main:subjective_measure1:204" [INFO]- subject{'copy_detect_index', 'sentiment_index', 'law_articles_rational', 'text_style_classification'}!!!!!!!!!!!!!!
2020-04-30 09:23:32,588 "E:/pycharm/judicial_doc_measurement/utils/SubjectiveIndex/main.py：main:subjective_measure1:204" [INFO]- subject{'copy_detect_index', 'sentiment_index', 'law_articles_rational', 'text_style_classification'}!!!!!!!!!!!!!!
2020-04-30 09:23:35,993 "E:/pycharm/judicial_doc_measurement/utils/SubjectiveIndex/main.py：main:subjective_measure1:204" [INFO]- subject{'copy_detect_index', 'sentiment_index', 'law_articles_rational', 'text_style_classification'}!!!!!!!!!!!!!!
2020-04-30 09:23:39,371 "E:/pycharm/judicial_doc_measurement/utils/SubjectiveIndex/main.py：main:subjective_measure1:204" [INFO]- subject{'copy_detect_index', 'sentiment_index', 'law_articles_rational', 'text_style_classification'}!!!!!!!!!!!!!!
2020-04-30 09:23:42,346 "E:/pycharm/judicial_doc_measurement/utils/SubjectiveIndex/main.py：main:subjective_measure1:204" [INFO]- subject{'copy_detect_index', 'sentiment_index', 'law_articles_rational', 'text_style_classification'}!!!!!!!!!!!!!!
2020-04-30 09:23:45,014 "E:/pycharm/judicial_doc_measurement/utils/SubjectiveIndex/main.py：main:subjective_measure1:204" [INFO]- subject{'copy_detect_index', 'sentiment_index', 'law_articles_rational', 'text_style_classification'}!!!!!!!!!!!!!!
2020-04-30 09:23:47,933 "E:/pycharm/judicial_doc_measurement/utils/SubjectiveIndex/main.py：main:subjective_measure1:204" [INFO]- subject{'copy_detect_index', 'sentiment_index', 'law_articles_rational', 'text_style_classification'}!!!!!!!!!!!!!!
2020-04-30 09:23:51,852 "E:/pycharm/judicial_doc_measurement/utils/SubjectiveIndex/main.py：main:subjective_measure1:204" [INFO]- subject{'copy_detect_index', 'sentiment_index', 'law_articles_rational', 'text_style_classification'}!!!!!!!!!!!!!!
2020-04-30 09:23:55,696 "E:/pycharm/judicial_doc_measurement/utils/SubjectiveIndex/main.py：main:subjective_measure1:204" [INFO]- subject{'copy_detect_index', 'sentiment_index', 'law_articles_rational', 'text_style_classification'}!!!!!!!!!!!!!!
2020-04-30 09:23:59,533 "E:/pycharm/judicial_doc_measurement/utils/SubjectiveIndex/main.py：main:subjective_measure1:204" [INFO]- subject{'copy_detect_index', 'sentiment_index', 'law_articles_rational', 'text_style_classification'}!!!!!!!!!!!!!!
2020-04-30 09:24:02,270 "E:/pycharm/judicial_doc_measurement/utils/SubjectiveIndex/main.py：main:subjective_measure1:204" [INFO]- subject{'copy_detect_index', 'sentiment_index', 'law_articles_rational', 'text_style_classification'}!!!!!!!!!!!!!!
2020-04-30 09:24:06,116 "E:/pycharm/judicial_doc_measurement/utils/SubjectiveIndex/main.py：main:subjective_measure1:204" [INFO]- subject{'copy_detect_index', 'sentiment_index', 'law_articles_rational', 'text_style_classification'}!!!!!!!!!!!!!!
2020-04-30 09:24:09,122 "E:/pycharm/judicial_doc_measurement/utils/SubjectiveIndex/main.py：main:subjective_measure1:204" [INFO]- subject{'copy_detect_index', 'sentiment_index', 'law_articles_rational', 'text_style_classification'}!!!!!!!!!!!!!!
2020-04-30 09:24:12,297 "E:/pycharm/judicial_doc_measurement/utils/SubjectiveIndex/main.py：main:subjective_measure1:204" [INFO]- subject{'copy_detect_index', 'sentiment_index', 'law_articles_rational', 'text_style_classification'}!!!!!!!!!!!!!!
2020-04-30 09:24:15,316 "E:/pycharm/judicial_doc_measurement/utils/SubjectiveIndex/main.py：main:subjective_measure1:204" [INFO]- subject{'copy_detect_index', 'sentiment_index', 'law_articles_rational', 'text_style_classification'}!!!!!!!!!!!!!!
2020-04-30 09:24:18,538 "E:/pycharm/judicial_doc_measurement/utils/SubjectiveIndex/main.py：main:subjective_measure1:204" [INFO]- subject{'copy_detect_index', 'sentiment_index', 'law_articles_rational', 'text_style_classification'}!!!!!!!!!!!!!!
2020-04-30 09:24:22,384 "E:/pycharm/judicial_doc_measurement/utils/SubjectiveIndex/main.py：main:subjective_measure1:204" [INFO]- subject{'copy_detect_index', 'sentiment_index', 'law_articles_rational', 'text_style_classification'}!!!!!!!!!!!!!!
2020-04-30 09:24:26,649 "E:/pycharm/judicial_doc_measurement/utils/SubjectiveIndex/main.py：main:subjective_measure1:204" [INFO]- subject{'copy_detect_index', 'sentiment_index', 'law_articles_rational', 'text_style_classification'}!!!!!!!!!!!!!!
2020-04-30 09:24:29,786 "E:/pycharm/judicial_doc_measurement/utils/SubjectiveIndex/main.py：main:subjective_measure1:204" [INFO]- subject{'copy_detect_index', 'sentiment_index', 'law_articles_rational', 'text_style_classification'}!!!!!!!!!!!!!!
2020-04-30 09:24:34,317 "E:/pycharm/judicial_doc_measurement/utils/SubjectiveIndex/main.py：main:subjective_measure1:204" [INFO]- subject{'copy_detect_index', 'sentiment_index', 'law_articles_rational', 'text_style_classification'}!!!!!!!!!!!!!!
2020-04-30 09:24:38,124 "E:/pycharm/judicial_doc_measurement/utils/SubjectiveIndex/main.py：main:subjective_measure1:204" [INFO]- subject{'copy_detect_index', 'sentiment_index', 'law_articles_rational', 'text_style_classification'}!!!!!!!!!!!!!!
2020-04-30 09:24:40,956 "E:/pycharm/judicial_doc_measurement/utils/SubjectiveIndex/main.py：main:subjective_measure1:204" [INFO]- subject{'copy_detect_index', 'sentiment_index', 'law_articles_rational', 'text_style_classification'}!!!!!!!!!!!!!!
2020-04-30 09:24:44,959 "E:/pycharm/judicial_doc_measurement/utils/SubjectiveIndex/main.py：main:subjective_measure1:204" [INFO]- subject{'copy_detect_index', 'sentiment_index', 'law_articles_rational', 'text_style_classification'}!!!!!!!!!!!!!!
2020-04-30 09:24:47,670 "E:/pycharm/judicial_doc_measurement/utils/SubjectiveIndex/main.py：main:subjective_measure1:204" [INFO]- subject{'copy_detect_index', 'sentiment_index', 'law_articles_rational', 'text_style_classification'}!!!!!!!!!!!!!!
2020-04-30 09:24:52,012 "E:/pycharm/judicial_doc_measurement/utils/SubjectiveIndex/main.py：main:subjective_measure1:204" [INFO]- subject{'copy_detect_index', 'sentiment_index', 'law_articles_rational', 'text_style_classification'}!!!!!!!!!!!!!!
2020-04-30 09:24:55,800 "E:/pycharm/judicial_doc_measurement/utils/SubjectiveIndex/main.py：main:subjective_measure1:204" [INFO]- subject{'copy_detect_index', 'sentiment_index', 'law_articles_rational', 'text_style_classification'}!!!!!!!!!!!!!!
2020-04-30 09:25:00,206 "E:/pycharm/judicial_doc_measurement/utils/SubjectiveIndex/main.py：main:subjective_measure1:204" [INFO]- subject{'copy_detect_index', 'sentiment_index', 'law_articles_rational', 'text_style_classification'}!!!!!!!!!!!!!!
2020-04-30 09:25:04,374 "E:/pycharm/judicial_doc_measurement/utils/SubjectiveIndex/main.py：main:subjective_measure1:204" [INFO]- subject{'copy_detect_index', 'sentiment_index', 'law_articles_rational', 'text_style_classification'}!!!!!!!!!!!!!!
2020-04-30 09:25:09,308 "E:/pycharm/judicial_doc_measurement/utils/SubjectiveIndex/main.py：main:subjective_measure1:204" [INFO]- subject{'copy_detect_index', 'sentiment_index', 'law_articles_rational', 'text_style_classification'}!!!!!!!!!!!!!!
2020-04-30 09:25:14,468 "E:/pycharm/judicial_doc_measurement/utils/SubjectiveIndex/main.py：main:subjective_measure1:204" [INFO]- subject{'copy_detect_index', 'sentiment_index', 'law_articles_rational', 'text_style_classification'}!!!!!!!!!!!!!!
2020-04-30 09:25:18,513 "E:/pycharm/judicial_doc_measurement/utils/SubjectiveIndex/main.py：main:subjective_measure1:204" [INFO]- subject{'copy_detect_index', 'sentiment_index', 'law_articles_rational', 'text_style_classification'}!!!!!!!!!!!!!!
2020-04-30 09:25:22,108 "E:/pycharm/judicial_doc_measurement/utils/SubjectiveIndex/main.py：main:subjective_measure1:204" [INFO]- subject{'copy_detect_index', 'sentiment_index', 'law_articles_rational', 'text_style_classification'}!!!!!!!!!!!!!!
2020-04-30 09:25:25,144 "E:/pycharm/judicial_doc_measurement/utils/SubjectiveIndex/main.py：main:subjective_measure1:204" [INFO]- subject{'copy_detect_index', 'sentiment_index', 'law_articles_rational', 'text_style_classification'}!!!!!!!!!!!!!!
2020-04-30 09:25:28,378 "E:/pycharm/judicial_doc_measurement/utils/SubjectiveIndex/main.py：main:subjective_measure1:204" [INFO]- subject{'copy_detect_index', 'sentiment_index', 'law_articles_rational', 'text_style_classification'}!!!!!!!!!!!!!!
2020-04-30 09:25:33,047 "E:/pycharm/judicial_doc_measurement/utils/SubjectiveIndex/main.py：main:subjective_measure1:204" [INFO]- subject{'copy_detect_index', 'sentiment_index', 'law_articles_rational', 'text_style_classification'}!!!!!!!!!!!!!!
2020-04-30 09:25:37,046 "E:/pycharm/judicial_doc_measurement/utils/SubjectiveIndex/main.py：main:subjective_measure1:204" [INFO]- subject{'copy_detect_index', 'sentiment_index', 'law_articles_rational', 'text_style_classification'}!!!!!!!!!!!!!!
2020-04-30 09:25:40,927 "E:/pycharm/judicial_doc_measurement/utils/SubjectiveIndex/main.py：main:subjective_measure1:204" [INFO]- subject{'copy_detect_index', 'sentiment_index', 'law_articles_rational', 'text_style_classification'}!!!!!!!!!!!!!!
2020-04-30 09:25:44,964 "E:/pycharm/judicial_doc_measurement/utils/SubjectiveIndex/main.py：main:subjective_measure1:204" [INFO]- subject{'copy_detect_index', 'sentiment_index', 'law_articles_rational', 'text_style_classification'}!!!!!!!!!!!!!!
2020-04-30 09:25:47,593 "E:/pycharm/judicial_doc_measurement/utils/SubjectiveIndex/main.py：main:subjective_measure1:204" [INFO]- subject{'copy_detect_index', 'sentiment_index', 'law_articles_rational', 'text_style_classification'}!!!!!!!!!!!!!!
2020-04-30 09:25:51,742 "E:/pycharm/judicial_doc_measurement/utils/SubjectiveIndex/main.py：main:subjective_measure1:204" [INFO]- subject{'copy_detect_index', 'sentiment_index', 'law_articles_rational', 'text_style_classification'}!!!!!!!!!!!!!!
2020-04-30 09:25:56,261 "E:/pycharm/judicial_doc_measurement/utils/SubjectiveIndex/main.py：main:subjective_measure1:204" [INFO]- subject{'copy_detect_index', 'sentiment_index', 'law_articles_rational', 'text_style_classification'}!!!!!!!!!!!!!!
2020-04-30 09:26:00,289 "E:/pycharm/judicial_doc_measurement/utils/SubjectiveIndex/main.py：main:subjective_measure1:204" [INFO]- subject{'copy_detect_index', 'sentiment_index', 'law_articles_rational', 'text_style_classification'}!!!!!!!!!!!!!!
2020-04-30 09:26:06,142 "E:/pycharm/judicial_doc_measurement/utils/SubjectiveIndex/main.py：main:subjective_measure1:204" [INFO]- subject{'copy_detect_index', 'sentiment_index', 'law_articles_rational', 'text_style_classification'}!!!!!!!!!!!!!!
2020-04-30 09:26:12,912 "E:/pycharm/judicial_doc_measurement/utils/SubjectiveIndex/main.py：main:subjective_measure1:204" [INFO]- subject{'copy_detect_index', 'sentiment_index', 'law_articles_rational', 'text_style_classification'}!!!!!!!!!!!!!!
2020-04-30 09:26:17,580 "E:/pycharm/judicial_doc_measurement/utils/SubjectiveIndex/main.py：main:subjective_measure1:204" [INFO]- subject{'copy_detect_index', 'sentiment_index', 'law_articles_rational', 'text_style_classification'}!!!!!!!!!!!!!!
2020-04-30 09:26:20,959 "E:/pycharm/judicial_doc_measurement/utils/SubjectiveIndex/main.py：main:subjective_measure1:204" [INFO]- subject{'copy_detect_index', 'sentiment_index', 'law_articles_rational', 'text_style_classification'}!!!!!!!!!!!!!!
2020-04-30 09:26:24,040 "E:/pycharm/judicial_doc_measurement/utils/SubjectiveIndex/main.py：main:subjective_measure1:204" [INFO]- subject{'copy_detect_index', 'sentiment_index', 'law_articles_rational', 'text_style_classification'}!!!!!!!!!!!!!!
2020-04-30 09:26:29,663 "E:/pycharm/judicial_doc_measurement/utils/SubjectiveIndex/main.py：main:subjective_measure1:204" [INFO]- subject{'copy_detect_index', 'sentiment_index', 'law_articles_rational', 'text_style_classification'}!!!!!!!!!!!!!!
2020-04-30 09:26:35,249 "E:/pycharm/judicial_doc_measurement/utils/SubjectiveIndex/main.py：main:subjective_measure1:204" [INFO]- subject{'copy_detect_index', 'sentiment_index', 'law_articles_rational', 'text_style_classification'}!!!!!!!!!!!!!!
2020-04-30 09:26:40,214 "E:/pycharm/judicial_doc_measurement/utils/SubjectiveIndex/main.py：main:subjective_measure1:204" [INFO]- subject{'copy_detect_index', 'sentiment_index', 'law_articles_rational', 'text_style_classification'}!!!!!!!!!!!!!!
2020-04-30 09:26:45,279 "E:/pycharm/judicial_doc_measurement/utils/SubjectiveIndex/main.py：main:subjective_measure1:204" [INFO]- subject{'copy_detect_index', 'sentiment_index', 'law_articles_rational', 'text_style_classification'}!!!!!!!!!!!!!!
2020-04-30 09:26:48,575 "E:/pycharm/judicial_doc_measurement/utils/SubjectiveIndex/main.py：main:subjective_measure1:204" [INFO]- subject{'copy_detect_index', 'sentiment_index', 'law_articles_rational', 'text_style_classification'}!!!!!!!!!!!!!!
2020-04-30 09:26:52,548 "E:/pycharm/judicial_doc_measurement/utils/SubjectiveIndex/main.py：main:subjective_measure1:204" [INFO]- subject{'copy_detect_index', 'sentiment_index', 'law_articles_rational', 'text_style_classification'}!!!!!!!!!!!!!!
2020-04-30 09:26:57,049 "E:/pycharm/judicial_doc_measurement/utils/SubjectiveIndex/main.py：main:subjective_measure1:204" [INFO]- subject{'copy_detect_index', 'sentiment_index', 'law_articles_rational', 'text_style_classification'}!!!!!!!!!!!!!!
2020-04-30 09:27:01,174 "E:/pycharm/judicial_doc_measurement/utils/SubjectiveIndex/main.py：main:subjective_measure1:204" [INFO]- subject{'copy_detect_index', 'sentiment_index', 'law_articles_rational', 'text_style_classification'}!!!!!!!!!!!!!!
2020-04-30 09:27:05,370 "E:/pycharm/judicial_doc_measurement/utils/SubjectiveIndex/main.py：main:subjective_measure1:204" [INFO]- subject{'copy_detect_index', 'sentiment_index', 'law_articles_rational', 'text_style_classification'}!!!!!!!!!!!!!!
2020-04-30 09:27:07,640 "E:/pycharm/judicial_doc_measurement/utils/SubjectiveIndex/main.py：main:subjective_measure1:204" [INFO]- subject{'copy_detect_index', 'sentiment_index', 'law_articles_rational', 'text_style_classification'}!!!!!!!!!!!!!!
2020-04-30 09:27:11,251 "E:/pycharm/judicial_doc_measurement/utils/SubjectiveIndex/main.py：main:subjective_measure1:204" [INFO]- subject{'copy_detect_index', 'sentiment_index', 'law_articles_rational', 'text_style_classification'}!!!!!!!!!!!!!!
2020-04-30 09:27:15,852 "E:/pycharm/judicial_doc_measurement/utils/SubjectiveIndex/main.py：main:subjective_measure1:204" [INFO]- subject{'copy_detect_index', 'sentiment_index', 'law_articles_rational', 'text_style_classification'}!!!!!!!!!!!!!!
2020-04-30 09:27:19,517 "E:/pycharm/judicial_doc_measurement/utils/SubjectiveIndex/main.py：main:subjective_measure1:204" [INFO]- subject{'copy_detect_index', 'sentiment_index', 'law_articles_rational', 'text_style_classification'}!!!!!!!!!!!!!!
2020-04-30 09:27:23,893 "E:/pycharm/judicial_doc_measurement/utils/SubjectiveIndex/main.py：main:subjective_measure1:204" [INFO]- subject{'copy_detect_index', 'sentiment_index', 'law_articles_rational', 'text_style_classification'}!!!!!!!!!!!!!!
2020-04-30 09:27:27,452 "E:/pycharm/judicial_doc_measurement/utils/SubjectiveIndex/main.py：main:subjective_measure1:204" [INFO]- subject{'copy_detect_index', 'sentiment_index', 'law_articles_rational', 'text_style_classification'}!!!!!!!!!!!!!!
2020-04-30 09:27:29,724 "E:/pycharm/judicial_doc_measurement/utils/SubjectiveIndex/main.py：main:subjective_measure1:204" [INFO]- subject{'copy_detect_index', 'sentiment_index', 'law_articles_rational', 'text_style_classification'}!!!!!!!!!!!!!!
2020-04-30 09:27:33,617 "E:/pycharm/judicial_doc_measurement/utils/SubjectiveIndex/main.py：main:subjective_measure1:204" [INFO]- subject{'copy_detect_index', 'sentiment_index', 'law_articles_rational', 'text_style_classification'}!!!!!!!!!!!!!!
2020-04-30 09:27:36,597 "E:/pycharm/judicial_doc_measurement/utils/SubjectiveIndex/main.py：main:subjective_measure1:204" [INFO]- subject{'copy_detect_index', 'sentiment_index', 'law_articles_rational', 'text_style_classification'}!!!!!!!!!!!!!!
2020-04-30 09:27:39,458 "E:/pycharm/judicial_doc_measurement/utils/SubjectiveIndex/main.py：main:subjective_measure1:204" [INFO]- subject{'copy_detect_index', 'sentiment_index', 'law_articles_rational', 'text_style_classification'}!!!!!!!!!!!!!!
2020-04-30 09:27:42,394 "E:/pycharm/judicial_doc_measurement/utils/SubjectiveIndex/main.py：main:subjective_measure1:204" [INFO]- subject{'copy_detect_index', 'sentiment_index', 'law_articles_rational', 'text_style_classification'}!!!!!!!!!!!!!!
2020-04-30 09:27:46,483 "E:/pycharm/judicial_doc_measurement/utils/SubjectiveIndex/main.py：main:subjective_measure1:204" [INFO]- subject{'copy_detect_index', 'sentiment_index', 'law_articles_rational', 'text_style_classification'}!!!!!!!!!!!!!!
2020-04-30 09:27:49,440 "E:/pycharm/judicial_doc_measurement/utils/SubjectiveIndex/main.py：main:subjective_measure1:204" [INFO]- subject{'copy_detect_index', 'sentiment_index', 'law_articles_rational', 'text_style_classification'}!!!!!!!!!!!!!!
2020-04-30 09:27:52,329 "E:/pycharm/judicial_doc_measurement/utils/SubjectiveIndex/main.py：main:subjective_measure1:204" [INFO]- subject{'copy_detect_index', 'sentiment_index', 'law_articles_rational', 'text_style_classification'}!!!!!!!!!!!!!!
2020-04-30 09:27:56,315 "E:/pycharm/judicial_doc_measurement/utils/SubjectiveIndex/main.py：main:subjective_measure1:204" [INFO]- subject{'copy_detect_index', 'sentiment_index', 'law_articles_rational', 'text_style_classification'}!!!!!!!!!!!!!!
2020-04-30 09:28:00,219 "E:/pycharm/judicial_doc_measurement/utils/SubjectiveIndex/main.py：main:subjective_measure1:204" [INFO]- subject{'copy_detect_index', 'sentiment_index', 'law_articles_rational', 'text_style_classification'}!!!!!!!!!!!!!!
2020-04-30 09:28:04,809 "E:/pycharm/judicial_doc_measurement/utils/SubjectiveIndex/main.py：main:subjective_measure1:204" [INFO]- subject{'copy_detect_index', 'sentiment_index', 'law_articles_rational', 'text_style_classification'}!!!!!!!!!!!!!!
2020-04-30 09:28:08,833 "E:/pycharm/judicial_doc_measurement/utils/SubjectiveIndex/main.py：main:subjective_measure1:204" [INFO]- subject{'copy_detect_index', 'sentiment_index', 'law_articles_rational', 'text_style_classification'}!!!!!!!!!!!!!!
2020-04-30 09:28:11,971 "E:/pycharm/judicial_doc_measurement/utils/SubjectiveIndex/main.py：main:subjective_measure1:204" [INFO]- subject{'copy_detect_index', 'sentiment_index', 'law_articles_rational', 'text_style_classification'}!!!!!!!!!!!!!!
2020-04-30 09:28:16,232 "E:/pycharm/judicial_doc_measurement/utils/SubjectiveIndex/main.py：main:subjective_measure1:204" [INFO]- subject{'copy_detect_index', 'sentiment_index', 'law_articles_rational', 'text_style_classification'}!!!!!!!!!!!!!!
